2024-02-28T16:08:29.404+01:00  INFO 518081 --- [main] c.e.w.WeatherStationApplication          : Starting WeatherStationApplication using Java 21.0.2 with PID 518081 (/home/ajahic/weather_station/target/classes started by ajahic in /home/ajahic/weather_station)
2024-02-28T16:08:29.406+01:00  INFO 518081 --- [main] c.e.w.WeatherStationApplication          : No active profile set, falling back to 1 default profile: "default"
2024-02-28T16:08:30.315+01:00  INFO 518081 --- [main] o.s.b.w.embedded.tomcat.TomcatWebServer  : Tomcat initialized with port 8080 (http)
2024-02-28T16:08:30.326+01:00  INFO 518081 --- [main] o.apache.catalina.core.StandardService   : Starting service [Tomcat]
2024-02-28T16:08:30.326+01:00  INFO 518081 --- [main] o.apache.catalina.core.StandardEngine    : Starting Servlet engine: [Apache Tomcat/10.1.18]
2024-02-28T16:08:30.362+01:00  INFO 518081 --- [main] o.a.c.c.C.[Tomcat].[localhost].[/]       : Initializing Spring embedded WebApplicationContext
2024-02-28T16:08:30.362+01:00  INFO 518081 --- [main] w.s.c.ServletWebServerApplicationContext : Root WebApplicationContext: initialization completed in 900 ms
2024-02-28T16:08:30.695+01:00  INFO 518081 --- [main] o.s.b.w.embedded.tomcat.TomcatWebServer  : Tomcat started on port 8080 (http) with context path ''
2024-02-28T16:08:30.703+01:00  INFO 518081 --- [main] c.e.w.WeatherStationApplication          : Started WeatherStationApplication in 1.741 seconds (process running for 2.379)
2024-02-28T16:08:53.068+01:00  INFO 518081 --- [http-nio-8080-exec-1] o.a.c.c.C.[Tomcat].[localhost].[/]       : Initializing Spring DispatcherServlet 'dispatcherServlet'
2024-02-28T16:08:53.068+01:00  INFO 518081 --- [http-nio-8080-exec-1] o.s.web.servlet.DispatcherServlet        : Initializing Servlet 'dispatcherServlet'
2024-02-28T16:08:53.070+01:00  INFO 518081 --- [http-nio-8080-exec-1] o.s.web.servlet.DispatcherServlet        : Completed initialization in 2 ms
2024-02-28T16:28:10.789+01:00  INFO 533589 --- [main] c.e.w.WeatherStationApplication          : Starting WeatherStationApplication using Java 21.0.2 with PID 533589 (/home/ajahic/weather_station/target/classes started by ajahic in /home/ajahic/weather_station)
2024-02-28T16:28:10.792+01:00  INFO 533589 --- [main] c.e.w.WeatherStationApplication          : No active profile set, falling back to 1 default profile: "default"
2024-02-28T16:28:11.753+01:00  INFO 533589 --- [main] o.s.b.w.embedded.tomcat.TomcatWebServer  : Tomcat initialized with port 8080 (http)
2024-02-28T16:28:11.764+01:00  INFO 533589 --- [main] o.apache.catalina.core.StandardService   : Starting service [Tomcat]
2024-02-28T16:28:11.764+01:00  INFO 533589 --- [main] o.apache.catalina.core.StandardEngine    : Starting Servlet engine: [Apache Tomcat/10.1.18]
2024-02-28T16:28:11.811+01:00  INFO 533589 --- [main] o.a.c.c.C.[Tomcat].[localhost].[/]       : Initializing Spring embedded WebApplicationContext
2024-02-28T16:28:11.812+01:00  INFO 533589 --- [main] w.s.c.ServletWebServerApplicationContext : Root WebApplicationContext: initialization completed in 967 ms
2024-02-28T16:28:12.197+01:00  INFO 533589 --- [main] o.s.b.w.embedded.tomcat.TomcatWebServer  : Tomcat started on port 8080 (http) with context path ''
2024-02-28T16:28:12.205+01:00  INFO 533589 --- [main] c.e.w.WeatherStationApplication          : Started WeatherStationApplication in 1.99 seconds (process running for 2.997)
