2024-03-06 15:12:29.278 [scheduling-1] ERROR error - Error when fetching weather data from API: Forbidden
2024-03-06 15:12:38.864 [scheduling-1] ERROR error - Error when fetching weather data from API: Forbidden
2024-03-06 15:12:48.918 [scheduling-1] ERROR error - Error when fetching weather data from API: Forbidden
2024-03-06 15:12:58.864 [scheduling-1] ERROR error - Error when fetching weather data from API: Forbidden
2024-03-06 15:13:08.880 [scheduling-1] ERROR error - Error when fetching weather data from API: Forbidden
2024-03-06 15:13:18.863 [scheduling-1] ERROR error - Error when fetching weather data from API: Forbidden
2024-03-06 15:13:28.904 [scheduling-1] ERROR error - Error when fetching weather data from API: Forbidden
2024-03-06 15:13:38.861 [scheduling-1] ERROR error - Error when fetching weather data from API: Forbidden
2024-03-06 15:15:13.107 [scheduling-1] ERROR error - Error when fetching weather data from API: Forbidden
2024-03-06 15:15:22.884 [scheduling-1] ERROR error - Error when fetching weather data from API: Forbidden
2024-03-06 15:15:32.881 [scheduling-1] ERROR error - Error when fetching weather data from API: Forbidden
2024-03-06 15:15:48.073 [scheduling-1] ERROR error - Error when fetching weather data from API: Forbidden
2024-03-06 15:15:57.845 [scheduling-1] ERROR error - Error when fetching weather data from API: Forbidden
2024-03-06 15:16:05.637 [scheduling-1] ERROR error - Error when fetching weather data from API: Forbidden
2024-03-06 15:16:15.418 [scheduling-1] ERROR error - Error when fetching weather data from API: Forbidden
2024-03-06 15:16:30.261 [scheduling-1] ERROR error - Error when fetching weather data from API: Forbidden
2024-03-06 15:16:40.015 [scheduling-1] ERROR error - Error when fetching weather data from API: Forbidden
2024-03-06 15:16:50.034 [scheduling-1] ERROR error - Error when fetching weather data from API: Forbidden
2024-03-06 15:17:00.446 [scheduling-1] ERROR error - Error when fetching weather data from API: Forbidden
2024-03-06 15:17:10.230 [scheduling-1] ERROR error - Error when fetching weather data from API: Forbidden
2024-03-06 15:17:20.235 [scheduling-1] ERROR error - Error when fetching weather data from API: Forbidden
2024-03-06 15:17:30.227 [scheduling-1] ERROR error - Error when fetching weather data from API: Forbidden
2024-03-06 15:17:40.222 [scheduling-1] ERROR error - Error when fetching weather data from API: Forbidden
2024-03-06 15:17:50.218 [scheduling-1] ERROR error - Error when fetching weather data from API: Forbidden
2024-03-06 15:18:01.026 [scheduling-1] ERROR error - Error when fetching weather data from API: Forbidden
2024-03-06 15:18:10.777 [scheduling-1] ERROR error - Error when fetching weather data from API: Forbidden
2024-03-06 15:18:20.821 [scheduling-1] ERROR error - Error when fetching weather data from API: Forbidden
2024-03-06 15:18:30.778 [scheduling-1] ERROR error - Error when fetching weather data from API: Forbidden
2024-03-06 15:18:40.778 [scheduling-1] ERROR error - Error when fetching weather data from API: Forbidden
2024-03-06 15:18:52.050 [scheduling-1] ERROR error - Error when fetching weather data from API: Forbidden
2024-03-06 15:19:01.797 [scheduling-1] ERROR error - Error when fetching weather data from API: Forbidden
2024-03-06 15:19:11.820 [scheduling-1] ERROR error - Error when fetching weather data from API: Forbidden
2024-03-06 15:19:21.799 [scheduling-1] ERROR error - Error when fetching weather data from API: Forbidden
2024-03-06 15:19:31.804 [scheduling-1] ERROR error - Error when fetching weather data from API: Forbidden
2024-03-06 15:19:41.795 [scheduling-1] ERROR error - Error when fetching weather data from API: Forbidden
2024-03-06 15:19:51.807 [scheduling-1] ERROR error - Error when fetching weather data from API: Forbidden
2024-03-06 15:20:01.803 [scheduling-1] ERROR error - Error when fetching weather data from API: Forbidden
2024-03-06 15:20:11.804 [scheduling-1] ERROR error - Error when fetching weather data from API: Forbidden
2024-03-06 15:20:21.799 [scheduling-1] ERROR error - Error when fetching weather data from API: Forbidden
2024-03-06 15:20:31.798 [scheduling-1] ERROR error - Error when fetching weather data from API: Forbidden
2024-03-06 15:20:41.799 [scheduling-1] ERROR error - Error when fetching weather data from API: Forbidden
2024-03-06 15:20:51.798 [scheduling-1] ERROR error - Error when fetching weather data from API: Forbidden
2024-03-06 15:21:01.797 [scheduling-1] ERROR error - Error when fetching weather data from API: Forbidden
2024-03-06 15:21:11.811 [scheduling-1] ERROR error - Error when fetching weather data from API: Forbidden
2024-03-06 15:21:21.796 [scheduling-1] ERROR error - Error when fetching weather data from API: Forbidden
2024-03-06 15:21:31.803 [scheduling-1] ERROR error - Error when fetching weather data from API: Forbidden
2024-03-06 15:21:41.963 [scheduling-1] ERROR error - Error when fetching weather data from API: Forbidden
2024-03-06 15:21:51.798 [scheduling-1] ERROR error - Error when fetching weather data from API: Forbidden
2024-03-06 15:22:01.794 [scheduling-1] ERROR error - Error when fetching weather data from API: Forbidden
2024-03-06 15:22:11.795 [scheduling-1] ERROR error - Error when fetching weather data from API: Forbidden
2024-03-06 15:22:21.803 [scheduling-1] ERROR error - Error when fetching weather data from API: Forbidden
2024-03-06 15:22:31.800 [scheduling-1] ERROR error - Error when fetching weather data from API: Forbidden
2024-03-06 15:22:43.063 [scheduling-1] ERROR error - 403
2024-03-06 15:22:52.800 [scheduling-1] ERROR error - 403
2024-03-06 15:23:02.802 [scheduling-1] ERROR error - 403
2024-03-06 15:23:12.798 [scheduling-1] ERROR error - 403
2024-03-06 15:23:22.803 [scheduling-1] ERROR error - 403
2024-03-06 15:23:32.800 [scheduling-1] ERROR error - 403
2024-03-06 15:23:42.798 [scheduling-1] ERROR error - 403
2024-03-06 15:23:52.805 [scheduling-1] ERROR error - 403
2024-03-06 15:24:02.811 [scheduling-1] ERROR error - 403
2024-03-06 15:24:12.799 [scheduling-1] ERROR error - 403
2024-03-06 15:24:22.801 [scheduling-1] ERROR error - 403
2024-03-06 15:24:35.859 [scheduling-1] ERROR error - 403
2024-03-06 15:24:35.859 [scheduling-1] ERROR error - {Date=[Wed, 06 Mar 2024 14:24:37 GMT], Content-Type=[application/json], Content-Length=[62], Connection=[keep-alive], Server=[BunnyCDN-DE1-1075], CDN-PullZone=[93447], CDN-Uid=[8fa3a04a-75d9-4707-8056-b7b33c8ac7fe], CDN-RequestCountryCode=[BA], Age=[394], Cache-Control=[public, max-age=5], Via=[1.1 varnish (Varnish/6.0)], X-Varnish=[1051362721 1060045789], CDN-ProxyVer=[1.04], CDN-RequestPullSuccess=[True], CDN-RequestPullCode=[403], CDN-CachedAt=[03/06/2024 14:24:37], CDN-EdgeStorageId=[1047], CDN-Status=[403], CDN-RequestId=[01908c388c96092624f187d12c2e20ae], CDN-Cache=[EXPIRED], OkHttp-Sent-Millis=[1709735075803], OkHttp-Received-Millis=[1709735075856]}
2024-03-06 15:24:35.859 [scheduling-1] ERROR error - {"error":{"code":2008,"message":"API key has been disabled."}}
2024-03-06 15:24:45.598 [scheduling-1] ERROR error - 403
2024-03-06 15:24:45.598 [scheduling-1] ERROR error - {Date=[Wed, 06 Mar 2024 14:24:46 GMT], Content-Type=[application/json], Content-Length=[62], Connection=[keep-alive], Server=[BunnyCDN-DE1-1075], CDN-PullZone=[93447], CDN-Uid=[8fa3a04a-75d9-4707-8056-b7b33c8ac7fe], CDN-RequestCountryCode=[BA], Age=[610], Cache-Control=[public, max-age=5], Via=[1.1 varnish (Varnish/6.0)], X-Varnish=[437682402 427526426], CDN-ProxyVer=[1.04], CDN-RequestPullSuccess=[True], CDN-RequestPullCode=[403], CDN-CachedAt=[03/06/2024 14:24:46], CDN-EdgeStorageId=[1047], CDN-Status=[403], CDN-RequestId=[daf797740c308254713310b215c47514], CDN-Cache=[EXPIRED], OkHttp-Sent-Millis=[1709735085548], OkHttp-Received-Millis=[1709735085597]}
2024-03-06 15:24:45.599 [scheduling-1] ERROR error - {"error":{"code":2008,"message":"API key has been disabled."}}
2024-03-06 15:24:55.597 [scheduling-1] ERROR error - 403
2024-03-06 15:24:55.598 [scheduling-1] ERROR error - {Date=[Wed, 06 Mar 2024 14:24:56 GMT], Content-Type=[application/json], Content-Length=[62], Connection=[keep-alive], Server=[BunnyCDN-DE1-1075], CDN-PullZone=[93447], CDN-Uid=[8fa3a04a-75d9-4707-8056-b7b33c8ac7fe], CDN-RequestCountryCode=[BA], Age=[52], Cache-Control=[public, max-age=5], Via=[1.1 varnish (Varnish/6.0)], X-Varnish=[280332263 278529998], CDN-ProxyVer=[1.04], CDN-RequestPullSuccess=[True], CDN-RequestPullCode=[403], CDN-CachedAt=[03/06/2024 14:24:56], CDN-EdgeStorageId=[1047], CDN-Status=[403], CDN-RequestId=[d3aeac0518ce42740482a200efebb544], CDN-Cache=[EXPIRED], OkHttp-Sent-Millis=[1709735095549], OkHttp-Received-Millis=[1709735095597]}
2024-03-06 15:24:55.598 [scheduling-1] ERROR error - {"error":{"code":2008,"message":"API key has been disabled."}}
2024-03-06 15:25:05.604 [scheduling-1] ERROR error - 403
2024-03-06 15:25:05.604 [scheduling-1] ERROR error - {Date=[Wed, 06 Mar 2024 14:25:06 GMT], Content-Type=[application/json], Content-Length=[62], Connection=[keep-alive], Server=[BunnyCDN-DE1-1075], CDN-PullZone=[93447], CDN-Uid=[8fa3a04a-75d9-4707-8056-b7b33c8ac7fe], CDN-RequestCountryCode=[BA], Age=[404], Cache-Control=[public, max-age=5], Via=[1.1 varnish (Varnish/6.0)], X-Varnish=[41355873 40403569], CDN-ProxyVer=[1.04], CDN-RequestPullSuccess=[True], CDN-RequestPullCode=[403], CDN-CachedAt=[03/06/2024 14:25:06], CDN-EdgeStorageId=[1047], CDN-Status=[403], CDN-RequestId=[ac3f1b61102e0b3fa779faf10ccccffb], CDN-Cache=[EXPIRED], OkHttp-Sent-Millis=[1709735105549], OkHttp-Received-Millis=[1709735105603]}
2024-03-06 15:25:05.605 [scheduling-1] ERROR error - {"error":{"code":2008,"message":"API key has been disabled."}}
2024-03-06 15:25:15.600 [scheduling-1] ERROR error - 403
2024-03-06 15:25:15.601 [scheduling-1] ERROR error - {Date=[Wed, 06 Mar 2024 14:25:16 GMT], Content-Type=[application/json], Content-Length=[62], Connection=[keep-alive], Server=[BunnyCDN-DE1-1075], CDN-PullZone=[93447], CDN-Uid=[8fa3a04a-75d9-4707-8056-b7b33c8ac7fe], CDN-RequestCountryCode=[BA], Age=[72], Cache-Control=[public, max-age=5], Via=[1.1 varnish (Varnish/6.0)], X-Varnish=[247566851 278529998], CDN-ProxyVer=[1.04], CDN-RequestPullSuccess=[True], CDN-RequestPullCode=[403], CDN-CachedAt=[03/06/2024 14:25:16], CDN-EdgeStorageId=[1047], CDN-Status=[403], CDN-RequestId=[f2c3a5377eb8c703002dd3a903efa804], CDN-Cache=[EXPIRED], OkHttp-Sent-Millis=[1709735115550], OkHttp-Received-Millis=[1709735115600]}
2024-03-06 15:25:15.601 [scheduling-1] ERROR error - {"error":{"code":2008,"message":"API key has been disabled."}}
2024-03-06 15:25:25.601 [scheduling-1] ERROR error - 403
2024-03-06 15:25:25.601 [scheduling-1] ERROR error - {Date=[Wed, 06 Mar 2024 14:25:26 GMT], Content-Type=[application/json], Content-Length=[62], Connection=[keep-alive], Server=[BunnyCDN-DE1-1075], CDN-PullZone=[93447], CDN-Uid=[8fa3a04a-75d9-4707-8056-b7b33c8ac7fe], CDN-RequestCountryCode=[BA], Age=[424], Cache-Control=[public, max-age=5], Via=[1.1 varnish (Varnish/6.0)], X-Varnish=[55575404 40403569], CDN-ProxyVer=[1.04], CDN-RequestPullSuccess=[True], CDN-RequestPullCode=[403], CDN-CachedAt=[03/06/2024 14:25:26], CDN-EdgeStorageId=[1047], CDN-Status=[403], CDN-RequestId=[c3a4725b2e9de2c2241a8198b65a5cec], CDN-Cache=[EXPIRED], OkHttp-Sent-Millis=[1709735125550], OkHttp-Received-Millis=[1709735125601]}
2024-03-06 15:25:25.601 [scheduling-1] ERROR error - {"error":{"code":2008,"message":"API key has been disabled."}}
2024-03-06 15:25:35.598 [scheduling-1] ERROR error - 403
2024-03-06 15:25:35.599 [scheduling-1] ERROR error - {Date=[Wed, 06 Mar 2024 14:25:36 GMT], Content-Type=[application/json], Content-Length=[62], Connection=[keep-alive], Server=[BunnyCDN-DE1-1075], CDN-PullZone=[93447], CDN-Uid=[8fa3a04a-75d9-4707-8056-b7b33c8ac7fe], CDN-RequestCountryCode=[BA], Age=[92], Cache-Control=[public, max-age=5], Via=[1.1 varnish (Varnish/6.0)], X-Varnish=[253269052 278529998], CDN-ProxyVer=[1.04], CDN-RequestPullSuccess=[True], CDN-RequestPullCode=[403], CDN-CachedAt=[03/06/2024 14:25:36], CDN-EdgeStorageId=[1047], CDN-Status=[403], CDN-RequestId=[34c0cb396200bc3156082828c028a2c6], CDN-Cache=[EXPIRED], OkHttp-Sent-Millis=[1709735135549], OkHttp-Received-Millis=[1709735135598]}
2024-03-06 15:25:35.601 [scheduling-1] ERROR error - {"error":{"code":2008,"message":"API key has been disabled."}}
2024-03-06 15:25:45.599 [scheduling-1] ERROR error - 403
2024-03-06 15:25:45.600 [scheduling-1] ERROR error - {Date=[Wed, 06 Mar 2024 14:25:46 GMT], Content-Type=[application/json], Content-Length=[62], Connection=[keep-alive], Server=[BunnyCDN-DE1-1075], CDN-PullZone=[93447], CDN-Uid=[8fa3a04a-75d9-4707-8056-b7b33c8ac7fe], CDN-RequestCountryCode=[BA], Age=[333], Cache-Control=[public, max-age=5], Via=[1.1 varnish (Varnish/6.0)], X-Varnish=[289835271 313328765], CDN-ProxyVer=[1.04], CDN-RequestPullSuccess=[True], CDN-RequestPullCode=[403], CDN-CachedAt=[03/06/2024 14:25:46], CDN-EdgeStorageId=[1047], CDN-Status=[403], CDN-RequestId=[a14c13fe2debc57a166ad62570a06609], CDN-Cache=[EXPIRED], OkHttp-Sent-Millis=[1709735145549], OkHttp-Received-Millis=[1709735145599]}
2024-03-06 15:25:45.600 [scheduling-1] ERROR error - {"error":{"code":2008,"message":"API key has been disabled."}}
2024-03-06 15:25:55.594 [scheduling-1] ERROR error - 403
2024-03-06 15:25:55.594 [scheduling-1] ERROR error - {Date=[Wed, 06 Mar 2024 14:25:56 GMT], Content-Type=[application/json], Content-Length=[62], Connection=[keep-alive], Server=[BunnyCDN-DE1-1075], CDN-PullZone=[93447], CDN-Uid=[8fa3a04a-75d9-4707-8056-b7b33c8ac7fe], CDN-RequestCountryCode=[BA], Age=[474], Cache-Control=[public, max-age=5], Via=[1.1 varnish (Varnish/6.0)], X-Varnish=[1057886969 1060045789], CDN-ProxyVer=[1.04], CDN-RequestPullSuccess=[True], CDN-RequestPullCode=[403], CDN-CachedAt=[03/06/2024 14:25:56], CDN-EdgeStorageId=[1047], CDN-Status=[403], CDN-RequestId=[7b3629675868ed18b90bf0250cddcd43], CDN-Cache=[EXPIRED], OkHttp-Sent-Millis=[1709735155548], OkHttp-Received-Millis=[1709735155594]}
2024-03-06 15:25:55.594 [scheduling-1] ERROR error - {"error":{"code":2008,"message":"API key has been disabled."}}
2024-03-06 15:26:05.605 [scheduling-1] ERROR error - 403
2024-03-06 15:26:05.606 [scheduling-1] ERROR error - {Date=[Wed, 06 Mar 2024 14:26:06 GMT], Content-Type=[application/json], Content-Length=[62], Connection=[keep-alive], Server=[BunnyCDN-DE1-1075], CDN-PullZone=[93447], CDN-Uid=[8fa3a04a-75d9-4707-8056-b7b33c8ac7fe], CDN-RequestCountryCode=[BA], Age=[122], Cache-Control=[public, max-age=5], Via=[1.1 varnish (Varnish/6.0)], X-Varnish=[270143892 278529998], CDN-ProxyVer=[1.04], CDN-RequestPullSuccess=[True], CDN-RequestPullCode=[403], CDN-CachedAt=[03/06/2024 14:26:06], CDN-EdgeStorageId=[1047], CDN-Status=[403], CDN-RequestId=[040b4c633e343b73c6bfab6ef68fb022], CDN-Cache=[EXPIRED], OkHttp-Sent-Millis=[1709735165549], OkHttp-Received-Millis=[1709735165604]}
2024-03-06 15:26:05.606 [scheduling-1] ERROR error - {"error":{"code":2008,"message":"API key has been disabled."}}
2024-03-06 15:26:15.606 [scheduling-1] ERROR error - 403
2024-03-06 15:26:15.607 [scheduling-1] ERROR error - {Date=[Wed, 06 Mar 2024 14:26:16 GMT], Content-Type=[application/json], Content-Length=[62], Connection=[keep-alive], Server=[BunnyCDN-DE1-1075], CDN-PullZone=[93447], CDN-Uid=[8fa3a04a-75d9-4707-8056-b7b33c8ac7fe], CDN-RequestCountryCode=[BA], Age=[0], Cache-Control=[public, max-age=5], Via=[1.1 varnish (Varnish/6.0)], X-Varnish=[438796532], CDN-ProxyVer=[1.04], CDN-RequestPullSuccess=[True], CDN-RequestPullCode=[403], CDN-CachedAt=[03/06/2024 14:26:16], CDN-EdgeStorageId=[1047], CDN-Status=[403], CDN-RequestId=[fcefc71f3f40ad8eaaacf17f555745b8], CDN-Cache=[EXPIRED], OkHttp-Sent-Millis=[1709735175549], OkHttp-Received-Millis=[1709735175605]}
2024-03-06 15:26:15.607 [scheduling-1] ERROR error - {"error":{"code":2008,"message":"API key has been disabled."}}
2024-03-06 15:26:25.599 [scheduling-1] ERROR error - 403
2024-03-06 15:26:25.599 [scheduling-1] ERROR error - {Date=[Wed, 06 Mar 2024 14:26:26 GMT], Content-Type=[application/json], Content-Length=[62], Connection=[keep-alive], Server=[BunnyCDN-DE1-1075], CDN-PullZone=[93447], CDN-Uid=[8fa3a04a-75d9-4707-8056-b7b33c8ac7fe], CDN-RequestCountryCode=[BA], Age=[373], Cache-Control=[public, max-age=5], Via=[1.1 varnish (Varnish/6.0)], X-Varnish=[296981567 313328765], CDN-ProxyVer=[1.04], CDN-RequestPullSuccess=[True], CDN-RequestPullCode=[403], CDN-CachedAt=[03/06/2024 14:26:26], CDN-EdgeStorageId=[1047], CDN-Status=[403], CDN-RequestId=[b10247648fd39639f0628746860a59b5], CDN-Cache=[EXPIRED], OkHttp-Sent-Millis=[1709735185549], OkHttp-Received-Millis=[1709735185598]}
2024-03-06 15:26:25.600 [scheduling-1] ERROR error - {"error":{"code":2008,"message":"API key has been disabled."}}
2024-03-06 15:26:35.606 [scheduling-1] ERROR error - 403
2024-03-06 15:26:35.606 [scheduling-1] ERROR error - {Date=[Wed, 06 Mar 2024 14:26:36 GMT], Content-Type=[application/json], Content-Length=[62], Connection=[keep-alive], Server=[BunnyCDN-DE1-1075], CDN-PullZone=[93447], CDN-Uid=[8fa3a04a-75d9-4707-8056-b7b33c8ac7fe], CDN-RequestCountryCode=[BA], Age=[0], Cache-Control=[public, max-age=5], Via=[1.1 haproxy-api-1 (Varnish/7.3)], X-Varnish=[167399393278], CDN-ProxyVer=[1.04], CDN-RequestPullSuccess=[True], CDN-RequestPullCode=[403], CDN-CachedAt=[03/06/2024 14:26:36], CDN-EdgeStorageId=[1047], CDN-Status=[403], CDN-RequestId=[7a089e621012eaaa3d661ca6a0eee22f], CDN-Cache=[EXPIRED], OkHttp-Sent-Millis=[1709735195549], OkHttp-Received-Millis=[1709735195605]}
2024-03-06 15:26:35.606 [scheduling-1] ERROR error - {"error":{"code":2008,"message":"API key has been disabled."}}
2024-03-06 15:26:45.600 [scheduling-1] ERROR error - 403
2024-03-06 15:26:45.601 [scheduling-1] ERROR error - {Date=[Wed, 06 Mar 2024 14:26:46 GMT], Content-Type=[application/json], Content-Length=[62], Connection=[keep-alive], Server=[BunnyCDN-DE1-1075], CDN-PullZone=[93447], CDN-Uid=[8fa3a04a-75d9-4707-8056-b7b33c8ac7fe], CDN-RequestCountryCode=[BA], Age=[162], Cache-Control=[public, max-age=5], Via=[1.1 varnish (Varnish/6.0)], X-Varnish=[275744524 278529998], CDN-ProxyVer=[1.04], CDN-RequestPullSuccess=[True], CDN-RequestPullCode=[403], CDN-CachedAt=[03/06/2024 14:26:46], CDN-EdgeStorageId=[1047], CDN-Status=[403], CDN-RequestId=[5622336307baeb18ea7aa4cbefe8678c], CDN-Cache=[EXPIRED], OkHttp-Sent-Millis=[1709735205549], OkHttp-Received-Millis=[1709735205600]}
2024-03-06 15:26:45.601 [scheduling-1] ERROR error - {"error":{"code":2008,"message":"API key has been disabled."}}
2024-03-06 15:26:55.616 [scheduling-1] ERROR error - 403
2024-03-06 15:26:55.617 [scheduling-1] ERROR error - {Date=[Wed, 06 Mar 2024 14:26:56 GMT], Content-Type=[application/json], Content-Length=[62], Connection=[keep-alive], Server=[BunnyCDN-DE1-1075], CDN-PullZone=[93447], CDN-Uid=[8fa3a04a-75d9-4707-8056-b7b33c8ac7fe], CDN-RequestCountryCode=[BA], Age=[514], Cache-Control=[public, max-age=5], Via=[1.1 varnish (Varnish/6.0)], X-Varnish=[55313529 40403569], CDN-ProxyVer=[1.04], CDN-RequestPullSuccess=[True], CDN-RequestPullCode=[403], CDN-CachedAt=[03/06/2024 14:26:56], CDN-EdgeStorageId=[1047], CDN-Status=[403], CDN-RequestId=[ceba76e6130a34346bdcd36566c0dcd8], CDN-Cache=[EXPIRED], OkHttp-Sent-Millis=[1709735215548], OkHttp-Received-Millis=[1709735215616]}
2024-03-06 15:26:55.617 [scheduling-1] ERROR error - {"error":{"code":2008,"message":"API key has been disabled."}}
2024-03-06 15:27:05.600 [scheduling-1] ERROR error - 403
2024-03-06 15:27:05.601 [scheduling-1] ERROR error - {Date=[Wed, 06 Mar 2024 14:27:06 GMT], Content-Type=[application/json], Content-Length=[62], Connection=[keep-alive], Server=[BunnyCDN-DE1-1075], CDN-PullZone=[93447], CDN-Uid=[8fa3a04a-75d9-4707-8056-b7b33c8ac7fe], CDN-RequestCountryCode=[BA], Age=[49], Cache-Control=[public, max-age=5], Via=[1.1 varnish (Varnish/6.0)], X-Varnish=[407931813 438796533], CDN-ProxyVer=[1.04], CDN-RequestPullSuccess=[True], CDN-RequestPullCode=[403], CDN-CachedAt=[03/06/2024 14:27:06], CDN-EdgeStorageId=[1047], CDN-Status=[403], CDN-RequestId=[5a8145b2b96905b7c0ac694622154816], CDN-Cache=[EXPIRED], OkHttp-Sent-Millis=[1709735225549], OkHttp-Received-Millis=[1709735225600]}
2024-03-06 15:27:05.601 [scheduling-1] ERROR error - {"error":{"code":2008,"message":"API key has been disabled."}}
2024-03-06 15:27:15.599 [scheduling-1] ERROR error - 403
2024-03-06 15:27:15.599 [scheduling-1] ERROR error - {Date=[Wed, 06 Mar 2024 14:27:16 GMT], Content-Type=[application/json], Content-Length=[62], Connection=[keep-alive], Server=[BunnyCDN-DE1-1075], CDN-PullZone=[93447], CDN-Uid=[8fa3a04a-75d9-4707-8056-b7b33c8ac7fe], CDN-RequestCountryCode=[BA], Age=[554], Cache-Control=[public, max-age=5], Via=[1.1 varnish (Varnish/6.0)], X-Varnish=[1062406028 1060045789], CDN-ProxyVer=[1.04], CDN-RequestPullSuccess=[True], CDN-RequestPullCode=[403], CDN-CachedAt=[03/06/2024 14:27:16], CDN-EdgeStorageId=[1047], CDN-Status=[403], CDN-RequestId=[f9c3fe652dc4698064ec657164fc25c7], CDN-Cache=[EXPIRED], OkHttp-Sent-Millis=[1709735235549], OkHttp-Received-Millis=[1709735235598]}
2024-03-06 15:27:15.599 [scheduling-1] ERROR error - {"error":{"code":2008,"message":"API key has been disabled."}}
2024-03-06 15:27:25.598 [scheduling-1] ERROR error - 403
2024-03-06 15:27:25.599 [scheduling-1] ERROR error - {Date=[Wed, 06 Mar 2024 14:27:26 GMT], Content-Type=[application/json], Content-Length=[62], Connection=[keep-alive], Server=[BunnyCDN-DE1-1075], CDN-PullZone=[93447], CDN-Uid=[8fa3a04a-75d9-4707-8056-b7b33c8ac7fe], CDN-RequestCountryCode=[BA], Age=[202], Cache-Control=[public, max-age=5], Via=[1.1 varnish (Varnish/6.0)], X-Varnish=[278890730 278529998], CDN-ProxyVer=[1.04], CDN-RequestPullSuccess=[True], CDN-RequestPullCode=[403], CDN-CachedAt=[03/06/2024 14:27:26], CDN-EdgeStorageId=[1047], CDN-Status=[403], CDN-RequestId=[94424d056cbca6ac4516872d6072a009], CDN-Cache=[EXPIRED], OkHttp-Sent-Millis=[1709735245549], OkHttp-Received-Millis=[1709735245598]}
2024-03-06 15:27:25.599 [scheduling-1] ERROR error - {"error":{"code":2008,"message":"API key has been disabled."}}
2025-03-14 11:06:07.222 [scheduling-1] ERROR error - Error reading weather data from file: weather_info.ser (No such file or directory)
2025-03-18 09:18:37.342 [scheduling-1] ERROR error - com.example.weather_station.model.MyException: IOException occurred while fetching weather data: null
2025-03-18 09:18:44.482 [scheduling-1] ERROR error - com.example.weather_station.model.MyException: IOException occurred while fetching weather data: null
2025-03-18 10:23:09.669 [scheduling-1] ERROR error - Error reading weather data from file: com.example.weather_station.model.WeatherInfo; local class incompatible: stream classdesc serialVersionUID = 8300868957184863572, local class serialVersionUID = 571061937305122189
